2025-04-07 19:01:57,094 - INFO -  * Restarting with stat
2025-04-07 19:01:57,770 - WARNING -  * Debugger is active!
2025-04-07 19:01:57,782 - INFO -  * Debugger PIN: 269-193-931
2025-04-07 19:01:57,848 - WARNING -  * Running on all addresses.
   WARNING: This is a development server. Do not use it in a production deployment.
2025-04-07 19:01:57,849 - INFO -  * Running on http://192.168.254.174:5000/ (Press CTRL+C to quit)
2025-04-07 19:15:50,599 - INFO -  * Restarting with stat
2025-04-07 19:15:51,172 - WARNING -  * Debugger is active!
2025-04-07 19:15:51,182 - INFO -  * Debugger PIN: 269-193-931
2025-04-07 19:15:51,241 - WARNING -  * Running on all addresses.
   WARNING: This is a development server. Do not use it in a production deployment.
2025-04-07 19:15:51,242 - INFO -  * Running on http://192.168.254.174:5000/ (Press CTRL+C to quit)
2025-04-07 19:20:06,186 - INFO -  * Restarting with stat
2025-04-07 19:20:06,771 - WARNING -  * Debugger is active!
2025-04-07 19:20:06,783 - INFO -  * Debugger PIN: 269-193-931
2025-04-07 19:20:06,842 - WARNING -  * Running on all addresses.
   WARNING: This is a development server. Do not use it in a production deployment.
2025-04-07 19:20:06,843 - INFO -  * Running on http://192.168.254.174:5000/ (Press CTRL+C to quit)
2025-04-07 19:38:17,277 - INFO -  * Restarting with stat
2025-04-07 19:38:17,840 - WARNING -  * Debugger is active!
2025-04-07 19:38:17,851 - INFO -  * Debugger PIN: 269-193-931
2025-04-07 19:38:17,904 - WARNING -  * Running on all addresses.
   WARNING: This is a development server. Do not use it in a production deployment.
2025-04-07 19:38:17,905 - INFO -  * Running on http://192.168.254.174:5000/ (Press CTRL+C to quit)
2025-04-07 19:38:23,319 - INFO -  * Restarting with stat
2025-04-07 19:38:23,887 - WARNING -  * Debugger is active!
2025-04-07 19:38:23,898 - INFO -  * Debugger PIN: 269-193-931
2025-04-07 19:38:23,945 - WARNING -  * Running on all addresses.
   WARNING: This is a development server. Do not use it in a production deployment.
2025-04-07 19:38:23,945 - INFO -  * Running on http://192.168.254.174:5000/ (Press CTRL+C to quit)
2025-04-07 20:37:13,700 - INFO -  * Restarting with stat
2025-04-07 20:37:14,254 - WARNING -  * Debugger is active!
2025-04-07 20:37:14,267 - INFO -  * Debugger PIN: 269-193-931
2025-04-07 20:37:14,329 - WARNING -  * Running on all addresses.
   WARNING: This is a development server. Do not use it in a production deployment.
2025-04-07 20:37:14,330 - INFO -  * Running on http://192.168.254.174:5000/ (Press CTRL+C to quit)
